[16-Jan-2023 10:48:31 UTC] PHP Notice:  Undefined variable: template_content in /var/www/html/wordpress/wp-content/plugins/ocean-footer-callout/template/footer-callout.php on line 144
[16-Jan-2023 10:49:52 UTC] PHP Notice:  Undefined variable: template_content in /var/www/html/wordpress/wp-content/plugins/ocean-footer-callout/template/footer-callout.php on line 144
[16-Jan-2023 11:13:43 UTC] PHP Warning:  mysqli_real_connect(): (HY000/2002): Connection refused in /var/www/html/wordpress/wp-includes/class-wpdb.php on line 1775
[16-Jan-2023 11:13:43 UTC] PHP Warning:  mysqli_real_connect(): (HY000/2002): Connection refused in /var/www/html/wordpress/wp-includes/class-wpdb.php on line 1775
[16-Jan-2023 11:13:43 UTC] PHP Warning:  mysqli_real_connect(): (HY000/2002): Connection refused in /var/www/html/wordpress/wp-includes/class-wpdb.php on line 1775
[16-Jan-2023 11:13:43 UTC] PHP Warning:  mysqli_real_connect(): (HY000/2002): Connection refused in /var/www/html/wordpress/wp-includes/class-wpdb.php on line 1775
[16-Jan-2023 11:13:43 UTC] PHP Warning:  mysqli_real_connect(): (HY000/2002): Connection refused in /var/www/html/wordpress/wp-includes/class-wpdb.php on line 1775
[16-Jan-2023 11:13:43 UTC] PHP Warning:  mysqli_real_connect(): (HY000/2002): Connection refused in /var/www/html/wordpress/wp-includes/class-wpdb.php on line 1775
[16-Jan-2023 11:13:43 UTC] PHP Warning:  mysqli_real_connect(): (HY000/2002): Connection refused in /var/www/html/wordpress/wp-includes/class-wpdb.php on line 1775
[16-Jan-2023 11:13:43 UTC] PHP Warning:  mysqli_real_connect(): (HY000/2002): Connection refused in /var/www/html/wordpress/wp-includes/class-wpdb.php on line 1775
[16-Jan-2023 11:13:43 UTC] PHP Warning:  mysqli_real_connect(): (HY000/2002): Connection refused in /var/www/html/wordpress/wp-includes/class-wpdb.php on line 1775
[16-Jan-2023 11:13:43 UTC] PHP Warning:  mysqli_real_connect(): (HY000/2002): Connection refused in /var/www/html/wordpress/wp-includes/class-wpdb.php on line 1775
[16-Jan-2023 11:13:43 UTC] PHP Warning:  mysqli_real_connect(): (HY000/2002): Connection refused in /var/www/html/wordpress/wp-includes/class-wpdb.php on line 1775
[16-Jan-2023 11:13:45 UTC] PHP Notice:  Function is_embed was called <strong>incorrectly</strong>. Conditional query tags do not work before the query is run. Before then, they always return false. Please see <a href="https://wordpress.org/support/article/debugging-in-wordpress/">Debugging in WordPress</a> for more information. (This message was added in version 3.1.0.) in /var/www/html/wordpress/wp-includes/functions.php on line 5835
[16-Jan-2023 11:13:45 UTC] PHP Notice:  Function is_embed was called <strong>incorrectly</strong>. Conditional query tags do not work before the query is run. Before then, they always return false. Please see <a href="https://wordpress.org/support/article/debugging-in-wordpress/">Debugging in WordPress</a> for more information. (This message was added in version 3.1.0.) in /var/www/html/wordpress/wp-includes/functions.php on line 5835
[16-Jan-2023 11:13:45 UTC] PHP Notice:  Function is_embed was called <strong>incorrectly</strong>. Conditional query tags do not work before the query is run. Before then, they always return false. Please see <a href="https://wordpress.org/support/article/debugging-in-wordpress/">Debugging in WordPress</a> for more information. (This message was added in version 3.1.0.) in /var/www/html/wordpress/wp-includes/functions.php on line 5835
[16-Jan-2023 11:13:45 UTC] PHP Notice:  Function is_search was called <strong>incorrectly</strong>. Conditional query tags do not work before the query is run. Before then, they always return false. Please see <a href="https://wordpress.org/support/article/debugging-in-wordpress/">Debugging in WordPress</a> for more information. (This message was added in version 3.1.0.) in /var/www/html/wordpress/wp-includes/functions.php on line 5835
[16-Jan-2023 11:13:45 UTC] PHP Notice:  Function is_search was called <strong>incorrectly</strong>. Conditional query tags do not work before the query is run. Before then, they always return false. Please see <a href="https://wordpress.org/support/article/debugging-in-wordpress/">Debugging in WordPress</a> for more information. (This message was added in version 3.1.0.) in /var/www/html/wordpress/wp-includes/functions.php on line 5835
[16-Jan-2023 11:13:45 UTC] PHP Notice:  Function is_search was called <strong>incorrectly</strong>. Conditional query tags do not work before the query is run. Before then, they always return false. Please see <a href="https://wordpress.org/support/article/debugging-in-wordpress/">Debugging in WordPress</a> for more information. (This message was added in version 3.1.0.) in /var/www/html/wordpress/wp-includes/functions.php on line 5835
[16-Jan-2023 11:13:45 UTC] PHP Notice:  Function is_embed was called <strong>incorrectly</strong>. Conditional query tags do not work before the query is run. Before then, they always return false. Please see <a href="https://wordpress.org/support/article/debugging-in-wordpress/">Debugging in WordPress</a> for more information. (This message was added in version 3.1.0.) in /var/www/html/wordpress/wp-includes/functions.php on line 5835
[16-Jan-2023 11:13:45 UTC] PHP Notice:  Function is_search was called <strong>incorrectly</strong>. Conditional query tags do not work before the query is run. Before then, they always return false. Please see <a href="https://wordpress.org/support/article/debugging-in-wordpress/">Debugging in WordPress</a> for more information. (This message was added in version 3.1.0.) in /var/www/html/wordpress/wp-includes/functions.php on line 5835
[16-Jan-2023 11:13:45 UTC] PHP Warning:  mysqli_real_connect(): (HY000/2002): Connection refused in /var/www/html/wordpress/wp-includes/class-wpdb.php on line 1775
[16-Jan-2023 11:13:45 UTC] PHP Warning:  mysqli_real_connect(): (HY000/2002): Connection refused in /var/www/html/wordpress/wp-includes/class-wpdb.php on line 1775
[16-Jan-2023 11:13:45 UTC] PHP Warning:  mysqli_real_connect(): (HY000/2002): Connection refused in /var/www/html/wordpress/wp-includes/class-wpdb.php on line 1775
[16-Jan-2023 11:13:45 UTC] PHP Warning:  mysqli_real_connect(): (HY000/2002): Connection refused in /var/www/html/wordpress/wp-includes/class-wpdb.php on line 1775
[16-Jan-2023 11:13:45 UTC] PHP Warning:  mysqli_real_connect(): (HY000/2002): Connection refused in /var/www/html/wordpress/wp-includes/class-wpdb.php on line 1775
[16-Jan-2023 11:13:45 UTC] PHP Warning:  mysqli_real_connect(): (HY000/2002): Connection refused in /var/www/html/wordpress/wp-includes/class-wpdb.php on line 1775
[16-Jan-2023 11:13:45 UTC] PHP Warning:  mysqli_real_connect(): (HY000/2002): Connection refused in /var/www/html/wordpress/wp-includes/class-wpdb.php on line 1775
[16-Jan-2023 11:13:51 UTC] PHP Warning:  mysqli_real_connect(): (HY000/2002): Connection refused in /var/www/html/wordpress/wp-includes/class-wpdb.php on line 1775
[16-Jan-2023 11:13:48 UTC] PHP Warning:  mysqli_real_connect(): (HY000/2002): Connection refused in /var/www/html/wordpress/wp-includes/class-wpdb.php on line 1775
[16-Jan-2023 11:13:52 UTC] PHP Warning:  mysqli_real_connect(): (HY000/2002): Connection refused in /var/www/html/wordpress/wp-includes/class-wpdb.php on line 1775
[16-Jan-2023 11:13:52 UTC] PHP Warning:  mysqli_real_connect(): (HY000/2002): Connection refused in /var/www/html/wordpress/wp-includes/class-wpdb.php on line 1775
[16-Jan-2023 11:13:52 UTC] PHP Notice:  Function is_embed was called <strong>incorrectly</strong>. Conditional query tags do not work before the query is run. Before then, they always return false. Please see <a href="https://wordpress.org/support/article/debugging-in-wordpress/">Debugging in WordPress</a> for more information. (This message was added in version 3.1.0.) in /var/www/html/wordpress/wp-includes/functions.php on line 5835
[16-Jan-2023 11:13:52 UTC] PHP Notice:  Function is_search was called <strong>incorrectly</strong>. Conditional query tags do not work before the query is run. Before then, they always return false. Please see <a href="https://wordpress.org/support/article/debugging-in-wordpress/">Debugging in WordPress</a> for more information. (This message was added in version 3.1.0.) in /var/www/html/wordpress/wp-includes/functions.php on line 5835
[16-Jan-2023 11:13:52 UTC] PHP Notice:  Function is_embed was called <strong>incorrectly</strong>. Conditional query tags do not work before the query is run. Before then, they always return false. Please see <a href="https://wordpress.org/support/article/debugging-in-wordpress/">Debugging in WordPress</a> for more information. (This message was added in version 3.1.0.) in /var/www/html/wordpress/wp-includes/functions.php on line 5835
[16-Jan-2023 11:13:52 UTC] PHP Notice:  Function is_search was called <strong>incorrectly</strong>. Conditional query tags do not work before the query is run. Before then, they always return false. Please see <a href="https://wordpress.org/support/article/debugging-in-wordpress/">Debugging in WordPress</a> for more information. (This message was added in version 3.1.0.) in /var/www/html/wordpress/wp-includes/functions.php on line 5835
[16-Jan-2023 11:13:52 UTC] PHP Notice:  Function is_embed was called <strong>incorrectly</strong>. Conditional query tags do not work before the query is run. Before then, they always return false. Please see <a href="https://wordpress.org/support/article/debugging-in-wordpress/">Debugging in WordPress</a> for more information. (This message was added in version 3.1.0.) in /var/www/html/wordpress/wp-includes/functions.php on line 5835
[16-Jan-2023 11:13:52 UTC] PHP Notice:  Function is_search was called <strong>incorrectly</strong>. Conditional query tags do not work before the query is run. Before then, they always return false. Please see <a href="https://wordpress.org/support/article/debugging-in-wordpress/">Debugging in WordPress</a> for more information. (This message was added in version 3.1.0.) in /var/www/html/wordpress/wp-includes/functions.php on line 5835
[16-Jan-2023 11:13:52 UTC] PHP Notice:  Function is_embed was called <strong>incorrectly</strong>. Conditional query tags do not work before the query is run. Before then, they always return false. Please see <a href="https://wordpress.org/support/article/debugging-in-wordpress/">Debugging in WordPress</a> for more information. (This message was added in version 3.1.0.) in /var/www/html/wordpress/wp-includes/functions.php on line 5835
[16-Jan-2023 11:13:52 UTC] PHP Notice:  Function is_search was called <strong>incorrectly</strong>. Conditional query tags do not work before the query is run. Before then, they always return false. Please see <a href="https://wordpress.org/support/article/debugging-in-wordpress/">Debugging in WordPress</a> for more information. (This message was added in version 3.1.0.) in /var/www/html/wordpress/wp-includes/functions.php on line 5835
[16-Jan-2023 11:13:52 UTC] PHP Warning:  mysqli_real_connect(): (HY000/2002): Connection refused in /var/www/html/wordpress/wp-includes/class-wpdb.php on line 1775
[16-Jan-2023 11:13:52 UTC] PHP Notice:  Function is_embed was called <strong>incorrectly</strong>. Conditional query tags do not work before the query is run. Before then, they always return false. Please see <a href="https://wordpress.org/support/article/debugging-in-wordpress/">Debugging in WordPress</a> for more information. (This message was added in version 3.1.0.) in /var/www/html/wordpress/wp-includes/functions.php on line 5835
[16-Jan-2023 11:13:52 UTC] PHP Notice:  Function is_search was called <strong>incorrectly</strong>. Conditional query tags do not work before the query is run. Before then, they always return false. Please see <a href="https://wordpress.org/support/article/debugging-in-wordpress/">Debugging in WordPress</a> for more information. (This message was added in version 3.1.0.) in /var/www/html/wordpress/wp-includes/functions.php on line 5835
[16-Jan-2023 11:13:52 UTC] PHP Notice:  Function is_embed was called <strong>incorrectly</strong>. Conditional query tags do not work before the query is run. Before then, they always return false. Please see <a href="https://wordpress.org/support/article/debugging-in-wordpress/">Debugging in WordPress</a> for more information. (This message was added in version 3.1.0.) in /var/www/html/wordpress/wp-includes/functions.php on line 5835
[16-Jan-2023 11:13:52 UTC] PHP Notice:  Function is_search was called <strong>incorrectly</strong>. Conditional query tags do not work before the query is run. Before then, they always return false. Please see <a href="https://wordpress.org/support/article/debugging-in-wordpress/">Debugging in WordPress</a> for more information. (This message was added in version 3.1.0.) in /var/www/html/wordpress/wp-includes/functions.php on line 5835
[16-Jan-2023 11:13:53 UTC] PHP Notice:  Function is_embed was called <strong>incorrectly</strong>. Conditional query tags do not work before the query is run. Before then, they always return false. Please see <a href="https://wordpress.org/support/article/debugging-in-wordpress/">Debugging in WordPress</a> for more information. (This message was added in version 3.1.0.) in /var/www/html/wordpress/wp-includes/functions.php on line 5835
[16-Jan-2023 11:13:53 UTC] PHP Notice:  Function is_search was called <strong>incorrectly</strong>. Conditional query tags do not work before the query is run. Before then, they always return false. Please see <a href="https://wordpress.org/support/article/debugging-in-wordpress/">Debugging in WordPress</a> for more information. (This message was added in version 3.1.0.) in /var/www/html/wordpress/wp-includes/functions.php on line 5835
[16-Jan-2023 11:13:53 UTC] PHP Notice:  Function is_embed was called <strong>incorrectly</strong>. Conditional query tags do not work before the query is run. Before then, they always return false. Please see <a href="https://wordpress.org/support/article/debugging-in-wordpress/">Debugging in WordPress</a> for more information. (This message was added in version 3.1.0.) in /var/www/html/wordpress/wp-includes/functions.php on line 5835
[16-Jan-2023 11:13:53 UTC] PHP Notice:  Function is_search was called <strong>incorrectly</strong>. Conditional query tags do not work before the query is run. Before then, they always return false. Please see <a href="https://wordpress.org/support/article/debugging-in-wordpress/">Debugging in WordPress</a> for more information. (This message was added in version 3.1.0.) in /var/www/html/wordpress/wp-includes/functions.php on line 5835
[16-Jan-2023 11:13:53 UTC] PHP Notice:  Function is_embed was called <strong>incorrectly</strong>. Conditional query tags do not work before the query is run. Before then, they always return false. Please see <a href="https://wordpress.org/support/article/debugging-in-wordpress/">Debugging in WordPress</a> for more information. (This message was added in version 3.1.0.) in /var/www/html/wordpress/wp-includes/functions.php on line 5835
[16-Jan-2023 11:13:53 UTC] PHP Notice:  Function is_search was called <strong>incorrectly</strong>. Conditional query tags do not work before the query is run. Before then, they always return false. Please see <a href="https://wordpress.org/support/article/debugging-in-wordpress/">Debugging in WordPress</a> for more information. (This message was added in version 3.1.0.) in /var/www/html/wordpress/wp-includes/functions.php on line 5835
[16-Jan-2023 11:13:53 UTC] PHP Notice:  Function is_embed was called <strong>incorrectly</strong>. Conditional query tags do not work before the query is run. Before then, they always return false. Please see <a href="https://wordpress.org/support/article/debugging-in-wordpress/">Debugging in WordPress</a> for more information. (This message was added in version 3.1.0.) in /var/www/html/wordpress/wp-includes/functions.php on line 5835
[16-Jan-2023 11:13:53 UTC] PHP Notice:  Function is_search was called <strong>incorrectly</strong>. Conditional query tags do not work before the query is run. Before then, they always return false. Please see <a href="https://wordpress.org/support/article/debugging-in-wordpress/">Debugging in WordPress</a> for more information. (This message was added in version 3.1.0.) in /var/www/html/wordpress/wp-includes/functions.php on line 5835
[16-Jan-2023 11:13:53 UTC] PHP Notice:  Function is_embed was called <strong>incorrectly</strong>. Conditional query tags do not work before the query is run. Before then, they always return false. Please see <a href="https://wordpress.org/support/article/debugging-in-wordpress/">Debugging in WordPress</a> for more information. (This message was added in version 3.1.0.) in /var/www/html/wordpress/wp-includes/functions.php on line 5835
[16-Jan-2023 11:13:53 UTC] PHP Notice:  Function is_search was called <strong>incorrectly</strong>. Conditional query tags do not work before the query is run. Before then, they always return false. Please see <a href="https://wordpress.org/support/article/debugging-in-wordpress/">Debugging in WordPress</a> for more information. (This message was added in version 3.1.0.) in /var/www/html/wordpress/wp-includes/functions.php on line 5835
[16-Jan-2023 11:17:44 UTC] PHP Notice:  Undefined variable: template_content in /var/www/html/wordpress/wp-content/plugins/ocean-footer-callout/template/footer-callout.php on line 144
[16-Jan-2023 11:17:45 UTC] PHP Notice:  Undefined variable: template_content in /var/www/html/wordpress/wp-content/plugins/ocean-footer-callout/template/footer-callout.php on line 144
[16-Jan-2023 11:54:17 UTC] PHP Notice:  Undefined variable: template_content in /var/www/html/wordpress/wp-content/plugins/ocean-footer-callout/template/footer-callout.php on line 144
[16-Jan-2023 12:22:54 UTC] PHP Notice:  Undefined variable: template_content in /var/www/html/wordpress/wp-content/plugins/ocean-footer-callout/template/footer-callout.php on line 144
[16-Jan-2023 12:22:54 UTC] PHP Notice:  Undefined variable: template_content in /var/www/html/wordpress/wp-content/plugins/ocean-footer-callout/template/footer-callout.php on line 144
[16-Jan-2023 12:24:25 UTC] PHP Notice:  Undefined variable: template_content in /var/www/html/wordpress/wp-content/plugins/ocean-footer-callout/template/footer-callout.php on line 144
[16-Jan-2023 12:36:12 UTC] PHP Notice:  Undefined index: host in /var/www/html/wordpress/wp-includes/canonical.php on line 689
[16-Jan-2023 12:36:12 UTC] PHP Notice:  Undefined index: host in /var/www/html/wordpress/wp-includes/canonical.php on line 698
[16-Jan-2023 12:36:12 UTC] PHP Notice:  Undefined index: host in /var/www/html/wordpress/wp-includes/canonical.php on line 701
[16-Jan-2023 12:36:12 UTC] PHP Notice:  Undefined index: scheme in /var/www/html/wordpress/wp-includes/canonical.php on line 722
[16-Jan-2023 12:36:12 UTC] PHP Notice:  Undefined index: host in /var/www/html/wordpress/wp-includes/canonical.php on line 689
[16-Jan-2023 12:36:12 UTC] PHP Notice:  Undefined index: host in /var/www/html/wordpress/wp-includes/canonical.php on line 698
[16-Jan-2023 12:36:12 UTC] PHP Notice:  Undefined index: host in /var/www/html/wordpress/wp-includes/canonical.php on line 701
[16-Jan-2023 12:36:12 UTC] PHP Notice:  Undefined index: scheme in /var/www/html/wordpress/wp-includes/canonical.php on line 722
[16-Jan-2023 12:36:13 UTC] PHP Notice:  Undefined variable: template_content in /var/www/html/wordpress/wp-content/plugins/ocean-footer-callout/template/footer-callout.php on line 144
